<?xml version="1.0" encoding="UTF-8"?>
<robot generator="Robot 4.1.3 (Python 3.7.5 on win32)" generated="20220527 16:06:22.787" rpa="true" schemaversion="2">
<suite id="s1" name="Tasks" source="C:\robot_run\RPA_Challenge\tasks.robot">
<test id="s1-t1" name="Minimal task">
<kw name="Open RPA Challenge DB">
<kw name="Open Available Browser" library="RPA.Browser">
<arg>https://rpachallenge.com/</arg>
<doc>Attempts to open a browser on the user's device from a set of
supported browsers. Automatically downloads a corresponding webdriver
if none is already installed.</doc>
<msg timestamp="20220527 16:06:26.303" level="INFO">Creating an instance of the Chrome WebDriver.</msg>
<msg timestamp="20220527 16:06:26.342" level="INFO">Created download root directory: C:\Users\Q0045\AppData\Local\robocorp\webdrivers</msg>
<msg timestamp="20220527 16:06:26.342" level="INFO">Created symlink directory: C:\Users\Q0045\AppData\Local\robocorp\webdrivers</msg>
<msg timestamp="20220527 16:06:26.343" level="INFO">Creating an instance of the Chrome WebDriver.</msg>
<msg timestamp="20220527 16:06:28.688" level="INFO">Created Chrome browser with arguments: --disable-dev-shm-usage --disable-web-security --allow-running-insecure-content --no-sandbox</msg>
<msg timestamp="20220527 16:06:28.688" level="INFO" html="true">&lt;p&gt;Attempted combinations:&lt;/p&gt;&lt;div class="doc"&gt;&lt;table&gt;&lt;tr&gt;&lt;th&gt;Browser&lt;/th&gt;&lt;th&gt;Download&lt;/th&gt;&lt;th&gt;Error&lt;/th&gt;&lt;/tr&gt;&lt;tr&gt;&lt;td&gt;Chrome&lt;/td&gt;&lt;td&gt;False&lt;/td&gt;&lt;td&gt;Message: 'chromedriver' executable needs to be in PATH. Please see https://sites.google.com/a/chromium.org/chromedriver/home
&lt;/td&gt;&lt;/tr&gt;&lt;tr&gt;&lt;td&gt;Chrome&lt;/td&gt;&lt;td&gt;True&lt;/td&gt;&lt;td&gt;&lt;/td&gt;&lt;/tr&gt;&lt;/table&gt;&lt;/div&gt;</msg>
<msg timestamp="20220527 16:06:28.689" level="INFO">Opening url 'https://rpachallenge.com/'</msg>
<status status="PASS" starttime="20220527 16:06:26.302" endtime="20220527 16:06:36.207"/>
</kw>
<kw name="Download And Get File Content">
<var>${rows}</var>
<kw name="Open Workbook" library="RPA.Excel.Files">
<arg>challenge.xlsx</arg>
<doc>Open an existing Excel workbook.</doc>
<msg timestamp="20220527 16:06:36.340" level="INFO">Opened workbook: &lt;RPA.Excel.Files.XlsxWorkbook object at 0x000001C7F9413BC8&gt;</msg>
<status status="PASS" starttime="20220527 16:06:36.209" endtime="20220527 16:06:36.340"/>
</kw>
<kw name="Read Worksheet As Table" library="RPA.Excel.Files">
<var>${rows}</var>
<arg>header=True</arg>
<doc>Read the content of a worksheet into a Table container. Allows
sorting/filtering/manipulating using the ``RPA.Tables`` library.</doc>
<msg timestamp="20220527 16:06:36.381" level="INFO">Created table: Table(columns=['First Name', 'Last Name', 'Company Name', 'Role in Company', 'Address', 'Email', 'Phone Number'], rows=10)</msg>
<msg timestamp="20220527 16:06:36.382" level="INFO">${rows} = Table(columns=['First Name', 'Last Name', 'Company Name', 'Role in Company', 'Address', 'Email', 'Phone Number'], rows=10)</msg>
<status status="PASS" starttime="20220527 16:06:36.341" endtime="20220527 16:06:36.382"/>
</kw>
<kw name="Close Workbook" library="RPA.Excel.Files">
<doc>Close the active workbook.</doc>
<msg timestamp="20220527 16:06:36.382" level="INFO">Closing workbook: &lt;RPA.Excel.Files.XlsxWorkbook object at 0x000001C7F9413BC8&gt;</msg>
<status status="PASS" starttime="20220527 16:06:36.382" endtime="20220527 16:06:36.382"/>
</kw>
<kw name="Return From Keyword" library="BuiltIn">
<arg>${rows}</arg>
<doc>Returns from the enclosing user keyword.</doc>
<msg timestamp="20220527 16:06:36.383" level="INFO">Returning from the enclosing user keyword.</msg>
<status status="PASS" starttime="20220527 16:06:36.382" endtime="20220527 16:06:36.384"/>
</kw>
<msg timestamp="20220527 16:06:36.385" level="INFO">${rows} = Table(columns=['First Name', 'Last Name', 'Company Name', 'Role in Company', 'Address', 'Email', 'Phone Number'], rows=10)</msg>
<status status="PASS" starttime="20220527 16:06:36.208" endtime="20220527 16:06:36.385"/>
</kw>
<kw name="Notebook Print" library="RPA.core.notebook">
<arg>${rows}</arg>
<doc>Display IPython Markdown object in the notebook</doc>
<status status="PASS" starttime="20220527 16:06:36.385" endtime="20220527 16:06:36.386"/>
</kw>
<kw name="Click Button When Visible" library="RPA.Browser">
<arg>//button[contains(.,"Start")]</arg>
<doc>Click button identified by ``locator``, once it becomes visible.</doc>
<msg timestamp="20220527 16:06:36.417" level="INFO">Clicking button '//button[contains(.,"Start")]'.</msg>
<status status="PASS" starttime="20220527 16:06:36.386" endtime="20220527 16:06:36.498"/>
</kw>
<for flavor="IN">
<var>${row}</var>
<value>@{rows}</value>
<iter>
<var name="${row}">{'First Name': 'John', 'Last Name': 'Smith', 'Company Name': 'IT Solutions', 'Role in Company': 'Analyst', 'Address': '98 North Road', 'Email': 'jsmith@itsolutions.co.uk', 'Phone Number': 40716543298}</var>
<kw name="Notebook Print" library="RPA.core.notebook">
<arg>${row}</arg>
<doc>Display IPython Markdown object in the notebook</doc>
<status status="PASS" starttime="20220527 16:06:36.501" endtime="20220527 16:06:36.501"/>
</kw>
<if>
<branch type="IF" condition="&quot;${row}[First Name]&quot; != ${None}">
<kw name=" Fill And Submit The Form From Excel">
<arg>${row}</arg>
<kw name="Input Text" library="RPA.Browser">
<arg>//input[@ng-reflect-name="labelFirstName"]</arg>
<arg>${row}[First Name]</arg>
<doc>Types the given ``text`` into the text field identified by ``locator``.</doc>
<msg timestamp="20220527 16:06:36.504" level="INFO">Typing text 'John' into text field '//input[@ng-reflect-name="labelFirstName"]'.</msg>
<status status="PASS" starttime="20220527 16:06:36.502" endtime="20220527 16:06:36.649"/>
</kw>
<kw name="Input Text" library="RPA.Browser">
<arg>//input[@ng-reflect-name="labelLastName"]</arg>
<arg>${row}[Last Name]</arg>
<doc>Types the given ``text`` into the text field identified by ``locator``.</doc>
<msg timestamp="20220527 16:06:36.650" level="INFO">Typing text 'Smith' into text field '//input[@ng-reflect-name="labelLastName"]'.</msg>
<status status="PASS" starttime="20220527 16:06:36.649" endtime="20220527 16:06:36.757"/>
</kw>
<kw name="Input Text" library="RPA.Browser">
<arg>//input[@ng-reflect-name="labelCompanyName"]</arg>
<arg>${row}[Company Name]</arg>
<doc>Types the given ``text`` into the text field identified by ``locator``.</doc>
<msg timestamp="20220527 16:06:36.758" level="INFO">Typing text 'IT Solutions' into text field '//input[@ng-reflect-name="labelCompanyName"]'.</msg>
<status status="PASS" starttime="20220527 16:06:36.758" endtime="20220527 16:06:36.885"/>
</kw>
<kw name="Input Text" library="RPA.Browser">
<arg>//input[@ng-reflect-name="labelRole"]</arg>
<arg>${row}[Role in Company]</arg>
<doc>Types the given ``text`` into the text field identified by ``locator``.</doc>
<msg timestamp="20220527 16:06:36.887" level="INFO">Typing text 'Analyst' into text field '//input[@ng-reflect-name="labelRole"]'.</msg>
<status status="PASS" starttime="20220527 16:06:36.885" endtime="20220527 16:06:36.991"/>
</kw>
<kw name="Input Text" library="RPA.Browser">
<arg>//input[@ng-reflect-name="labelAddress"]</arg>
<arg>${row}[Address]</arg>
<doc>Types the given ``text`` into the text field identified by ``locator``.</doc>
<msg timestamp="20220527 16:06:36.992" level="INFO">Typing text '98 North Road' into text field '//input[@ng-reflect-name="labelAddress"]'.</msg>
<status status="PASS" starttime="20220527 16:06:36.991" endtime="20220527 16:06:37.134"/>
</kw>
<kw name="Input Text" library="RPA.Browser">
<arg>//input[@ng-reflect-name="labelEmail"]</arg>
<arg>${row}[Email]</arg>
<doc>Types the given ``text`` into the text field identified by ``locator``.</doc>
<msg timestamp="20220527 16:06:37.135" level="INFO">Typing text 'jsmith@itsolutions.co.uk' into text field '//input[@ng-reflect-name="labelEmail"]'.</msg>
<status status="PASS" starttime="20220527 16:06:37.135" endtime="20220527 16:06:37.287"/>
</kw>
<kw name="Input Text" library="RPA.Browser">
<arg>//input[@ng-reflect-name="labelPhone"]</arg>
<arg>${row}[Phone Number]</arg>
<doc>Types the given ``text`` into the text field identified by ``locator``.</doc>
<msg timestamp="20220527 16:06:37.289" level="INFO">Typing text '40716543298' into text field '//input[@ng-reflect-name="labelPhone"]'.</msg>
<status status="PASS" starttime="20220527 16:06:37.288" endtime="20220527 16:06:37.391"/>
</kw>
<kw name="Click Button When Visible" library="RPA.Browser">
<arg>//input[@value="Submit"]</arg>
<doc>Click button identified by ``locator``, once it becomes visible.</doc>
<msg timestamp="20220527 16:06:37.416" level="INFO">Clicking button '//input[@value="Submit"]'.</msg>
<status status="PASS" starttime="20220527 16:06:37.391" endtime="20220527 16:06:37.482"/>
</kw>
<status status="PASS" starttime="20220527 16:06:36.502" endtime="20220527 16:06:37.482"/>
</kw>
<status status="PASS" starttime="20220527 16:06:36.501" endtime="20220527 16:06:37.483"/>
</branch>
<status status="PASS" starttime="20220527 16:06:36.501" endtime="20220527 16:06:37.483"/>
</if>
<status status="PASS" starttime="20220527 16:06:36.500" endtime="20220527 16:06:37.483"/>
</iter>
<iter>
<var name="${row}">{'First Name': 'Jane', 'Last Name': 'Dorsey', 'Company Name': 'MediCare', 'Role in Company': 'Medical Engineer', 'Address': '11 Crown Street', 'Email': 'jdorsey@mc.com', 'Phone Number': 40791345621}</var>
<kw name="Notebook Print" library="RPA.core.notebook">
<arg>${row}</arg>
<doc>Display IPython Markdown object in the notebook</doc>
<status status="PASS" starttime="20220527 16:06:37.483" endtime="20220527 16:06:37.484"/>
</kw>
<if>
<branch type="IF" condition="&quot;${row}[First Name]&quot; != ${None}">
<kw name=" Fill And Submit The Form From Excel">
<arg>${row}</arg>
<kw name="Input Text" library="RPA.Browser">
<arg>//input[@ng-reflect-name="labelFirstName"]</arg>
<arg>${row}[First Name]</arg>
<doc>Types the given ``text`` into the text field identified by ``locator``.</doc>
<msg timestamp="20220527 16:06:37.486" level="INFO">Typing text 'Jane' into text field '//input[@ng-reflect-name="labelFirstName"]'.</msg>
<status status="PASS" starttime="20220527 16:06:37.485" endtime="20220527 16:06:37.590"/>
</kw>
<kw name="Input Text" library="RPA.Browser">
<arg>//input[@ng-reflect-name="labelLastName"]</arg>
<arg>${row}[Last Name]</arg>
<doc>Types the given ``text`` into the text field identified by ``locator``.</doc>
<msg timestamp="20220527 16:06:37.591" level="INFO">Typing text 'Dorsey' into text field '//input[@ng-reflect-name="labelLastName"]'.</msg>
<status status="PASS" starttime="20220527 16:06:37.591" endtime="20220527 16:06:37.714"/>
</kw>
<kw name="Input Text" library="RPA.Browser">
<arg>//input[@ng-reflect-name="labelCompanyName"]</arg>
<arg>${row}[Company Name]</arg>
<doc>Types the given ``text`` into the text field identified by ``locator``.</doc>
<msg timestamp="20220527 16:06:37.715" level="INFO">Typing text 'MediCare' into text field '//input[@ng-reflect-name="labelCompanyName"]'.</msg>
<status status="PASS" starttime="20220527 16:06:37.715" endtime="20220527 16:06:37.841"/>
</kw>
<kw name="Input Text" library="RPA.Browser">
<arg>//input[@ng-reflect-name="labelRole"]</arg>
<arg>${row}[Role in Company]</arg>
<doc>Types the given ``text`` into the text field identified by ``locator``.</doc>
<msg timestamp="20220527 16:06:37.842" level="INFO">Typing text 'Medical Engineer' into text field '//input[@ng-reflect-name="labelRole"]'.</msg>
<status status="PASS" starttime="20220527 16:06:37.841" endtime="20220527 16:06:37.961"/>
</kw>
<kw name="Input Text" library="RPA.Browser">
<arg>//input[@ng-reflect-name="labelAddress"]</arg>
<arg>${row}[Address]</arg>
<doc>Types the given ``text`` into the text field identified by ``locator``.</doc>
<msg timestamp="20220527 16:06:37.962" level="INFO">Typing text '11 Crown Street' into text field '//input[@ng-reflect-name="labelAddress"]'.</msg>
<status status="PASS" starttime="20220527 16:06:37.961" endtime="20220527 16:06:38.056"/>
</kw>
<kw name="Input Text" library="RPA.Browser">
<arg>//input[@ng-reflect-name="labelEmail"]</arg>
<arg>${row}[Email]</arg>
<doc>Types the given ``text`` into the text field identified by ``locator``.</doc>
<msg timestamp="20220527 16:06:38.057" level="INFO">Typing text 'jdorsey@mc.com' into text field '//input[@ng-reflect-name="labelEmail"]'.</msg>
<status status="PASS" starttime="20220527 16:06:38.056" endtime="20220527 16:06:38.165"/>
</kw>
<kw name="Input Text" library="RPA.Browser">
<arg>//input[@ng-reflect-name="labelPhone"]</arg>
<arg>${row}[Phone Number]</arg>
<doc>Types the given ``text`` into the text field identified by ``locator``.</doc>
<msg timestamp="20220527 16:06:38.166" level="INFO">Typing text '40791345621' into text field '//input[@ng-reflect-name="labelPhone"]'.</msg>
<status status="PASS" starttime="20220527 16:06:38.166" endtime="20220527 16:06:38.261"/>
</kw>
<kw name="Click Button When Visible" library="RPA.Browser">
<arg>//input[@value="Submit"]</arg>
<doc>Click button identified by ``locator``, once it becomes visible.</doc>
<msg timestamp="20220527 16:06:38.276" level="INFO">Clicking button '//input[@value="Submit"]'.</msg>
<status status="PASS" starttime="20220527 16:06:38.261" endtime="20220527 16:06:38.314"/>
</kw>
<status status="PASS" starttime="20220527 16:06:37.484" endtime="20220527 16:06:38.315"/>
</kw>
<status status="PASS" starttime="20220527 16:06:37.484" endtime="20220527 16:06:38.315"/>
</branch>
<status status="PASS" starttime="20220527 16:06:37.484" endtime="20220527 16:06:38.315"/>
</if>
<status status="PASS" starttime="20220527 16:06:37.483" endtime="20220527 16:06:38.315"/>
</iter>
<iter>
<var name="${row}">{'First Name': 'Albert', 'Last Name': 'Kipling', 'Company Name': 'Waterfront', 'Role in Company': 'Accountant', 'Address': '22 Guild Street', 'Email': 'kipling@waterfront.com', 'Phone Number': 4073541...</var>
<kw name="Notebook Print" library="RPA.core.notebook">
<arg>${row}</arg>
<doc>Display IPython Markdown object in the notebook</doc>
<status status="PASS" starttime="20220527 16:06:38.316" endtime="20220527 16:06:38.316"/>
</kw>
<if>
<branch type="IF" condition="&quot;${row}[First Name]&quot; != ${None}">
<kw name=" Fill And Submit The Form From Excel">
<arg>${row}</arg>
<kw name="Input Text" library="RPA.Browser">
<arg>//input[@ng-reflect-name="labelFirstName"]</arg>
<arg>${row}[First Name]</arg>
<doc>Types the given ``text`` into the text field identified by ``locator``.</doc>
<msg timestamp="20220527 16:06:38.317" level="INFO">Typing text 'Albert' into text field '//input[@ng-reflect-name="labelFirstName"]'.</msg>
<status status="PASS" starttime="20220527 16:06:38.317" endtime="20220527 16:06:38.410"/>
</kw>
<kw name="Input Text" library="RPA.Browser">
<arg>//input[@ng-reflect-name="labelLastName"]</arg>
<arg>${row}[Last Name]</arg>
<doc>Types the given ``text`` into the text field identified by ``locator``.</doc>
<msg timestamp="20220527 16:06:38.411" level="INFO">Typing text 'Kipling' into text field '//input[@ng-reflect-name="labelLastName"]'.</msg>
<status status="PASS" starttime="20220527 16:06:38.410" endtime="20220527 16:06:38.493"/>
</kw>
<kw name="Input Text" library="RPA.Browser">
<arg>//input[@ng-reflect-name="labelCompanyName"]</arg>
<arg>${row}[Company Name]</arg>
<doc>Types the given ``text`` into the text field identified by ``locator``.</doc>
<msg timestamp="20220527 16:06:38.494" level="INFO">Typing text 'Waterfront' into text field '//input[@ng-reflect-name="labelCompanyName"]'.</msg>
<status status="PASS" starttime="20220527 16:06:38.494" endtime="20220527 16:06:38.584"/>
</kw>
<kw name="Input Text" library="RPA.Browser">
<arg>//input[@ng-reflect-name="labelRole"]</arg>
<arg>${row}[Role in Company]</arg>
<doc>Types the given ``text`` into the text field identified by ``locator``.</doc>
<msg timestamp="20220527 16:06:38.585" level="INFO">Typing text 'Accountant' into text field '//input[@ng-reflect-name="labelRole"]'.</msg>
<status status="PASS" starttime="20220527 16:06:38.584" endtime="20220527 16:06:38.682"/>
</kw>
<kw name="Input Text" library="RPA.Browser">
<arg>//input[@ng-reflect-name="labelAddress"]</arg>
<arg>${row}[Address]</arg>
<doc>Types the given ``text`` into the text field identified by ``locator``.</doc>
<msg timestamp="20220527 16:06:38.683" level="INFO">Typing text '22 Guild Street' into text field '//input[@ng-reflect-name="labelAddress"]'.</msg>
<status status="PASS" starttime="20220527 16:06:38.682" endtime="20220527 16:06:38.793"/>
</kw>
<kw name="Input Text" library="RPA.Browser">
<arg>//input[@ng-reflect-name="labelEmail"]</arg>
<arg>${row}[Email]</arg>
<doc>Types the given ``text`` into the text field identified by ``locator``.</doc>
<msg timestamp="20220527 16:06:38.793" level="INFO">Typing text 'kipling@waterfront.com' into text field '//input[@ng-reflect-name="labelEmail"]'.</msg>
<status status="PASS" starttime="20220527 16:06:38.793" endtime="20220527 16:06:38.894"/>
</kw>
<kw name="Input Text" library="RPA.Browser">
<arg>//input[@ng-reflect-name="labelPhone"]</arg>
<arg>${row}[Phone Number]</arg>
<doc>Types the given ``text`` into the text field identified by ``locator``.</doc>
<msg timestamp="20220527 16:06:38.895" level="INFO">Typing text '40735416854' into text field '//input[@ng-reflect-name="labelPhone"]'.</msg>
<status status="PASS" starttime="20220527 16:06:38.895" endtime="20220527 16:06:38.983"/>
</kw>
<kw name="Click Button When Visible" library="RPA.Browser">
<arg>//input[@value="Submit"]</arg>
<doc>Click button identified by ``locator``, once it becomes visible.</doc>
<msg timestamp="20220527 16:06:38.999" level="INFO">Clicking button '//input[@value="Submit"]'.</msg>
<status status="PASS" starttime="20220527 16:06:38.983" endtime="20220527 16:06:39.045"/>
</kw>
<status status="PASS" starttime="20220527 16:06:38.316" endtime="20220527 16:06:39.046"/>
</kw>
<status status="PASS" starttime="20220527 16:06:38.316" endtime="20220527 16:06:39.047"/>
</branch>
<status status="PASS" starttime="20220527 16:06:38.316" endtime="20220527 16:06:39.048"/>
</if>
<status status="PASS" starttime="20220527 16:06:38.315" endtime="20220527 16:06:39.048"/>
</iter>
<iter>
<var name="${row}">{'First Name': 'Michael', 'Last Name': 'Robertson', 'Company Name': 'MediCare', 'Role in Company': 'IT Specialist', 'Address': '17 Farburn Terrace', 'Email': 'mrobertson@mc.com', 'Phone Number': 40733...</var>
<kw name="Notebook Print" library="RPA.core.notebook">
<arg>${row}</arg>
<doc>Display IPython Markdown object in the notebook</doc>
<status status="PASS" starttime="20220527 16:06:39.049" endtime="20220527 16:06:39.050"/>
</kw>
<if>
<branch type="IF" condition="&quot;${row}[First Name]&quot; != ${None}">
<kw name=" Fill And Submit The Form From Excel">
<arg>${row}</arg>
<kw name="Input Text" library="RPA.Browser">
<arg>//input[@ng-reflect-name="labelFirstName"]</arg>
<arg>${row}[First Name]</arg>
<doc>Types the given ``text`` into the text field identified by ``locator``.</doc>
<msg timestamp="20220527 16:06:39.052" level="INFO">Typing text 'Michael' into text field '//input[@ng-reflect-name="labelFirstName"]'.</msg>
<status status="PASS" starttime="20220527 16:06:39.051" endtime="20220527 16:06:39.131"/>
</kw>
<kw name="Input Text" library="RPA.Browser">
<arg>//input[@ng-reflect-name="labelLastName"]</arg>
<arg>${row}[Last Name]</arg>
<doc>Types the given ``text`` into the text field identified by ``locator``.</doc>
<msg timestamp="20220527 16:06:39.132" level="INFO">Typing text 'Robertson' into text field '//input[@ng-reflect-name="labelLastName"]'.</msg>
<status status="PASS" starttime="20220527 16:06:39.131" endtime="20220527 16:06:39.220"/>
</kw>
<kw name="Input Text" library="RPA.Browser">
<arg>//input[@ng-reflect-name="labelCompanyName"]</arg>
<arg>${row}[Company Name]</arg>
<doc>Types the given ``text`` into the text field identified by ``locator``.</doc>
<msg timestamp="20220527 16:06:39.221" level="INFO">Typing text 'MediCare' into text field '//input[@ng-reflect-name="labelCompanyName"]'.</msg>
<status status="PASS" starttime="20220527 16:06:39.220" endtime="20220527 16:06:39.339"/>
</kw>
<kw name="Input Text" library="RPA.Browser">
<arg>//input[@ng-reflect-name="labelRole"]</arg>
<arg>${row}[Role in Company]</arg>
<doc>Types the given ``text`` into the text field identified by ``locator``.</doc>
<msg timestamp="20220527 16:06:39.341" level="INFO">Typing text 'IT Specialist' into text field '//input[@ng-reflect-name="labelRole"]'.</msg>
<status status="PASS" starttime="20220527 16:06:39.340" endtime="20220527 16:06:39.445"/>
</kw>
<kw name="Input Text" library="RPA.Browser">
<arg>//input[@ng-reflect-name="labelAddress"]</arg>
<arg>${row}[Address]</arg>
<doc>Types the given ``text`` into the text field identified by ``locator``.</doc>
<msg timestamp="20220527 16:06:39.447" level="INFO">Typing text '17 Farburn Terrace' into text field '//input[@ng-reflect-name="labelAddress"]'.</msg>
<status status="PASS" starttime="20220527 16:06:39.446" endtime="20220527 16:06:39.550"/>
</kw>
<kw name="Input Text" library="RPA.Browser">
<arg>//input[@ng-reflect-name="labelEmail"]</arg>
<arg>${row}[Email]</arg>
<doc>Types the given ``text`` into the text field identified by ``locator``.</doc>
<msg timestamp="20220527 16:06:39.551" level="INFO">Typing text 'mrobertson@mc.com' into text field '//input[@ng-reflect-name="labelEmail"]'.</msg>
<status status="PASS" starttime="20220527 16:06:39.550" endtime="20220527 16:06:39.681"/>
</kw>
<kw name="Input Text" library="RPA.Browser">
<arg>//input[@ng-reflect-name="labelPhone"]</arg>
<arg>${row}[Phone Number]</arg>
<doc>Types the given ``text`` into the text field identified by ``locator``.</doc>
<msg timestamp="20220527 16:06:39.682" level="INFO">Typing text '40733652145' into text field '//input[@ng-reflect-name="labelPhone"]'.</msg>
<status status="PASS" starttime="20220527 16:06:39.681" endtime="20220527 16:06:39.782"/>
</kw>
<kw name="Click Button When Visible" library="RPA.Browser">
<arg>//input[@value="Submit"]</arg>
<doc>Click button identified by ``locator``, once it becomes visible.</doc>
<msg timestamp="20220527 16:06:39.797" level="INFO">Clicking button '//input[@value="Submit"]'.</msg>
<status status="PASS" starttime="20220527 16:06:39.782" endtime="20220527 16:06:39.841"/>
</kw>
<status status="PASS" starttime="20220527 16:06:39.050" endtime="20220527 16:06:39.841"/>
</kw>
<status status="PASS" starttime="20220527 16:06:39.050" endtime="20220527 16:06:39.842"/>
</branch>
<status status="PASS" starttime="20220527 16:06:39.050" endtime="20220527 16:06:39.843"/>
</if>
<status status="PASS" starttime="20220527 16:06:39.049" endtime="20220527 16:06:39.843"/>
</iter>
<iter>
<var name="${row}">{'First Name': 'Doug', 'Last Name': 'Derrick', 'Company Name': 'Timepath Inc.', 'Role in Company': 'Analyst', 'Address': '99 Shire Oak Road', 'Email': 'dderrick@timepath.co.uk', 'Phone Number': 407998...</var>
<kw name="Notebook Print" library="RPA.core.notebook">
<arg>${row}</arg>
<doc>Display IPython Markdown object in the notebook</doc>
<status status="PASS" starttime="20220527 16:06:39.844" endtime="20220527 16:06:39.845"/>
</kw>
<if>
<branch type="IF" condition="&quot;${row}[First Name]&quot; != ${None}">
<kw name=" Fill And Submit The Form From Excel">
<arg>${row}</arg>
<kw name="Input Text" library="RPA.Browser">
<arg>//input[@ng-reflect-name="labelFirstName"]</arg>
<arg>${row}[First Name]</arg>
<doc>Types the given ``text`` into the text field identified by ``locator``.</doc>
<msg timestamp="20220527 16:06:39.846" level="INFO">Typing text 'Doug' into text field '//input[@ng-reflect-name="labelFirstName"]'.</msg>
<status status="PASS" starttime="20220527 16:06:39.846" endtime="20220527 16:06:39.931"/>
</kw>
<kw name="Input Text" library="RPA.Browser">
<arg>//input[@ng-reflect-name="labelLastName"]</arg>
<arg>${row}[Last Name]</arg>
<doc>Types the given ``text`` into the text field identified by ``locator``.</doc>
<msg timestamp="20220527 16:06:39.932" level="INFO">Typing text 'Derrick' into text field '//input[@ng-reflect-name="labelLastName"]'.</msg>
<status status="PASS" starttime="20220527 16:06:39.931" endtime="20220527 16:06:40.031"/>
</kw>
<kw name="Input Text" library="RPA.Browser">
<arg>//input[@ng-reflect-name="labelCompanyName"]</arg>
<arg>${row}[Company Name]</arg>
<doc>Types the given ``text`` into the text field identified by ``locator``.</doc>
<msg timestamp="20220527 16:06:40.032" level="INFO">Typing text 'Timepath Inc.' into text field '//input[@ng-reflect-name="labelCompanyName"]'.</msg>
<status status="PASS" starttime="20220527 16:06:40.031" endtime="20220527 16:06:40.134"/>
</kw>
<kw name="Input Text" library="RPA.Browser">
<arg>//input[@ng-reflect-name="labelRole"]</arg>
<arg>${row}[Role in Company]</arg>
<doc>Types the given ``text`` into the text field identified by ``locator``.</doc>
<msg timestamp="20220527 16:06:40.135" level="INFO">Typing text 'Analyst' into text field '//input[@ng-reflect-name="labelRole"]'.</msg>
<status status="PASS" starttime="20220527 16:06:40.134" endtime="20220527 16:06:40.227"/>
</kw>
<kw name="Input Text" library="RPA.Browser">
<arg>//input[@ng-reflect-name="labelAddress"]</arg>
<arg>${row}[Address]</arg>
<doc>Types the given ``text`` into the text field identified by ``locator``.</doc>
<msg timestamp="20220527 16:06:40.228" level="INFO">Typing text '99 Shire Oak Road' into text field '//input[@ng-reflect-name="labelAddress"]'.</msg>
<status status="PASS" starttime="20220527 16:06:40.228" endtime="20220527 16:06:40.364"/>
</kw>
<kw name="Input Text" library="RPA.Browser">
<arg>//input[@ng-reflect-name="labelEmail"]</arg>
<arg>${row}[Email]</arg>
<doc>Types the given ``text`` into the text field identified by ``locator``.</doc>
<msg timestamp="20220527 16:06:40.366" level="INFO">Typing text 'dderrick@timepath.co.uk' into text field '//input[@ng-reflect-name="labelEmail"]'.</msg>
<status status="PASS" starttime="20220527 16:06:40.364" endtime="20220527 16:06:40.480"/>
</kw>
<kw name="Input Text" library="RPA.Browser">
<arg>//input[@ng-reflect-name="labelPhone"]</arg>
<arg>${row}[Phone Number]</arg>
<doc>Types the given ``text`` into the text field identified by ``locator``.</doc>
<msg timestamp="20220527 16:06:40.481" level="INFO">Typing text '40799885412' into text field '//input[@ng-reflect-name="labelPhone"]'.</msg>
<status status="PASS" starttime="20220527 16:06:40.480" endtime="20220527 16:06:40.593"/>
</kw>
<kw name="Click Button When Visible" library="RPA.Browser">
<arg>//input[@value="Submit"]</arg>
<doc>Click button identified by ``locator``, once it becomes visible.</doc>
<msg timestamp="20220527 16:06:40.607" level="INFO">Clicking button '//input[@value="Submit"]'.</msg>
<status status="PASS" starttime="20220527 16:06:40.593" endtime="20220527 16:06:40.657"/>
</kw>
<status status="PASS" starttime="20220527 16:06:39.845" endtime="20220527 16:06:40.658"/>
</kw>
<status status="PASS" starttime="20220527 16:06:39.845" endtime="20220527 16:06:40.658"/>
</branch>
<status status="PASS" starttime="20220527 16:06:39.845" endtime="20220527 16:06:40.658"/>
</if>
<status status="PASS" starttime="20220527 16:06:39.844" endtime="20220527 16:06:40.659"/>
</iter>
<iter>
<var name="${row}">{'First Name': 'Jessie', 'Last Name': 'Marlowe', 'Company Name': 'Aperture Inc.', 'Role in Company': 'Scientist', 'Address': '27 Cheshire Street', 'Email': 'jmarlowe@aperture.us', 'Phone Number': 4073...</var>
<kw name="Notebook Print" library="RPA.core.notebook">
<arg>${row}</arg>
<doc>Display IPython Markdown object in the notebook</doc>
<status status="PASS" starttime="20220527 16:06:40.661" endtime="20220527 16:06:40.661"/>
</kw>
<if>
<branch type="IF" condition="&quot;${row}[First Name]&quot; != ${None}">
<kw name=" Fill And Submit The Form From Excel">
<arg>${row}</arg>
<kw name="Input Text" library="RPA.Browser">
<arg>//input[@ng-reflect-name="labelFirstName"]</arg>
<arg>${row}[First Name]</arg>
<doc>Types the given ``text`` into the text field identified by ``locator``.</doc>
<msg timestamp="20220527 16:06:40.663" level="INFO">Typing text 'Jessie' into text field '//input[@ng-reflect-name="labelFirstName"]'.</msg>
<status status="PASS" starttime="20220527 16:06:40.662" endtime="20220527 16:06:40.761"/>
</kw>
<kw name="Input Text" library="RPA.Browser">
<arg>//input[@ng-reflect-name="labelLastName"]</arg>
<arg>${row}[Last Name]</arg>
<doc>Types the given ``text`` into the text field identified by ``locator``.</doc>
<msg timestamp="20220527 16:06:40.763" level="INFO">Typing text 'Marlowe' into text field '//input[@ng-reflect-name="labelLastName"]'.</msg>
<status status="PASS" starttime="20220527 16:06:40.762" endtime="20220527 16:06:40.884"/>
</kw>
<kw name="Input Text" library="RPA.Browser">
<arg>//input[@ng-reflect-name="labelCompanyName"]</arg>
<arg>${row}[Company Name]</arg>
<doc>Types the given ``text`` into the text field identified by ``locator``.</doc>
<msg timestamp="20220527 16:06:40.887" level="INFO">Typing text 'Aperture Inc.' into text field '//input[@ng-reflect-name="labelCompanyName"]'.</msg>
<status status="PASS" starttime="20220527 16:06:40.884" endtime="20220527 16:06:41.012"/>
</kw>
<kw name="Input Text" library="RPA.Browser">
<arg>//input[@ng-reflect-name="labelRole"]</arg>
<arg>${row}[Role in Company]</arg>
<doc>Types the given ``text`` into the text field identified by ``locator``.</doc>
<msg timestamp="20220527 16:06:41.013" level="INFO">Typing text 'Scientist' into text field '//input[@ng-reflect-name="labelRole"]'.</msg>
<status status="PASS" starttime="20220527 16:06:41.012" endtime="20220527 16:06:41.129"/>
</kw>
<kw name="Input Text" library="RPA.Browser">
<arg>//input[@ng-reflect-name="labelAddress"]</arg>
<arg>${row}[Address]</arg>
<doc>Types the given ``text`` into the text field identified by ``locator``.</doc>
<msg timestamp="20220527 16:06:41.130" level="INFO">Typing text '27 Cheshire Street' into text field '//input[@ng-reflect-name="labelAddress"]'.</msg>
<status status="PASS" starttime="20220527 16:06:41.130" endtime="20220527 16:06:41.256"/>
</kw>
<kw name="Input Text" library="RPA.Browser">
<arg>//input[@ng-reflect-name="labelEmail"]</arg>
<arg>${row}[Email]</arg>
<doc>Types the given ``text`` into the text field identified by ``locator``.</doc>
<msg timestamp="20220527 16:06:41.257" level="INFO">Typing text 'jmarlowe@aperture.us' into text field '//input[@ng-reflect-name="labelEmail"]'.</msg>
<status status="PASS" starttime="20220527 16:06:41.256" endtime="20220527 16:06:41.375"/>
</kw>
<kw name="Input Text" library="RPA.Browser">
<arg>//input[@ng-reflect-name="labelPhone"]</arg>
<arg>${row}[Phone Number]</arg>
<doc>Types the given ``text`` into the text field identified by ``locator``.</doc>
<msg timestamp="20220527 16:06:41.376" level="INFO">Typing text '40733154268' into text field '//input[@ng-reflect-name="labelPhone"]'.</msg>
<status status="PASS" starttime="20220527 16:06:41.376" endtime="20220527 16:06:41.480"/>
</kw>
<kw name="Click Button When Visible" library="RPA.Browser">
<arg>//input[@value="Submit"]</arg>
<doc>Click button identified by ``locator``, once it becomes visible.</doc>
<msg timestamp="20220527 16:06:41.497" level="INFO">Clicking button '//input[@value="Submit"]'.</msg>
<status status="PASS" starttime="20220527 16:06:41.480" endtime="20220527 16:06:41.546"/>
</kw>
<status status="PASS" starttime="20220527 16:06:40.662" endtime="20220527 16:06:41.546"/>
</kw>
<status status="PASS" starttime="20220527 16:06:40.662" endtime="20220527 16:06:41.547"/>
</branch>
<status status="PASS" starttime="20220527 16:06:40.661" endtime="20220527 16:06:41.547"/>
</if>
<status status="PASS" starttime="20220527 16:06:40.660" endtime="20220527 16:06:41.547"/>
</iter>
<iter>
<var name="${row}">{'First Name': 'Stan', 'Last Name': 'Hamm', 'Company Name': 'Sugarwell', 'Role in Company': 'Advisor', 'Address': '10 Dam Road', 'Email': 'shamm@sugarwell.org', 'Phone Number': 40712462257}</var>
<kw name="Notebook Print" library="RPA.core.notebook">
<arg>${row}</arg>
<doc>Display IPython Markdown object in the notebook</doc>
<status status="PASS" starttime="20220527 16:06:41.550" endtime="20220527 16:06:41.551"/>
</kw>
<if>
<branch type="IF" condition="&quot;${row}[First Name]&quot; != ${None}">
<kw name=" Fill And Submit The Form From Excel">
<arg>${row}</arg>
<kw name="Input Text" library="RPA.Browser">
<arg>//input[@ng-reflect-name="labelFirstName"]</arg>
<arg>${row}[First Name]</arg>
<doc>Types the given ``text`` into the text field identified by ``locator``.</doc>
<msg timestamp="20220527 16:06:41.560" level="INFO">Typing text 'Stan' into text field '//input[@ng-reflect-name="labelFirstName"]'.</msg>
<status status="PASS" starttime="20220527 16:06:41.558" endtime="20220527 16:06:41.683"/>
</kw>
<kw name="Input Text" library="RPA.Browser">
<arg>//input[@ng-reflect-name="labelLastName"]</arg>
<arg>${row}[Last Name]</arg>
<doc>Types the given ``text`` into the text field identified by ``locator``.</doc>
<msg timestamp="20220527 16:06:41.684" level="INFO">Typing text 'Hamm' into text field '//input[@ng-reflect-name="labelLastName"]'.</msg>
<status status="PASS" starttime="20220527 16:06:41.684" endtime="20220527 16:06:41.782"/>
</kw>
<kw name="Input Text" library="RPA.Browser">
<arg>//input[@ng-reflect-name="labelCompanyName"]</arg>
<arg>${row}[Company Name]</arg>
<doc>Types the given ``text`` into the text field identified by ``locator``.</doc>
<msg timestamp="20220527 16:06:41.784" level="INFO">Typing text 'Sugarwell' into text field '//input[@ng-reflect-name="labelCompanyName"]'.</msg>
<status status="PASS" starttime="20220527 16:06:41.783" endtime="20220527 16:06:41.894"/>
</kw>
<kw name="Input Text" library="RPA.Browser">
<arg>//input[@ng-reflect-name="labelRole"]</arg>
<arg>${row}[Role in Company]</arg>
<doc>Types the given ``text`` into the text field identified by ``locator``.</doc>
<msg timestamp="20220527 16:06:41.895" level="INFO">Typing text 'Advisor' into text field '//input[@ng-reflect-name="labelRole"]'.</msg>
<status status="PASS" starttime="20220527 16:06:41.894" endtime="20220527 16:06:42.000"/>
</kw>
<kw name="Input Text" library="RPA.Browser">
<arg>//input[@ng-reflect-name="labelAddress"]</arg>
<arg>${row}[Address]</arg>
<doc>Types the given ``text`` into the text field identified by ``locator``.</doc>
<msg timestamp="20220527 16:06:42.001" level="INFO">Typing text '10 Dam Road' into text field '//input[@ng-reflect-name="labelAddress"]'.</msg>
<status status="PASS" starttime="20220527 16:06:42.000" endtime="20220527 16:06:42.115"/>
</kw>
<kw name="Input Text" library="RPA.Browser">
<arg>//input[@ng-reflect-name="labelEmail"]</arg>
<arg>${row}[Email]</arg>
<doc>Types the given ``text`` into the text field identified by ``locator``.</doc>
<msg timestamp="20220527 16:06:42.116" level="INFO">Typing text 'shamm@sugarwell.org' into text field '//input[@ng-reflect-name="labelEmail"]'.</msg>
<status status="PASS" starttime="20220527 16:06:42.115" endtime="20220527 16:06:42.241"/>
</kw>
<kw name="Input Text" library="RPA.Browser">
<arg>//input[@ng-reflect-name="labelPhone"]</arg>
<arg>${row}[Phone Number]</arg>
<doc>Types the given ``text`` into the text field identified by ``locator``.</doc>
<msg timestamp="20220527 16:06:42.242" level="INFO">Typing text '40712462257' into text field '//input[@ng-reflect-name="labelPhone"]'.</msg>
<status status="PASS" starttime="20220527 16:06:42.241" endtime="20220527 16:06:42.362"/>
</kw>
<kw name="Click Button When Visible" library="RPA.Browser">
<arg>//input[@value="Submit"]</arg>
<doc>Click button identified by ``locator``, once it becomes visible.</doc>
<msg timestamp="20220527 16:06:42.387" level="INFO">Clicking button '//input[@value="Submit"]'.</msg>
<status status="PASS" starttime="20220527 16:06:42.362" endtime="20220527 16:06:42.457"/>
</kw>
<status status="PASS" starttime="20220527 16:06:41.555" endtime="20220527 16:06:42.457"/>
</kw>
<status status="PASS" starttime="20220527 16:06:41.554" endtime="20220527 16:06:42.457"/>
</branch>
<status status="PASS" starttime="20220527 16:06:41.552" endtime="20220527 16:06:42.457"/>
</if>
<status status="PASS" starttime="20220527 16:06:41.548" endtime="20220527 16:06:42.459"/>
</iter>
<iter>
<var name="${row}">{'First Name': 'Michelle', 'Last Name': 'Norton', 'Company Name': 'Aperture Inc.', 'Role in Company': 'Scientist', 'Address': '13 White Rabbit Street', 'Email': 'mnorton@aperture.us', 'Phone Number': ...</var>
<kw name="Notebook Print" library="RPA.core.notebook">
<arg>${row}</arg>
<doc>Display IPython Markdown object in the notebook</doc>
<status status="PASS" starttime="20220527 16:06:42.460" endtime="20220527 16:06:42.461"/>
</kw>
<if>
<branch type="IF" condition="&quot;${row}[First Name]&quot; != ${None}">
<kw name=" Fill And Submit The Form From Excel">
<arg>${row}</arg>
<kw name="Input Text" library="RPA.Browser">
<arg>//input[@ng-reflect-name="labelFirstName"]</arg>
<arg>${row}[First Name]</arg>
<doc>Types the given ``text`` into the text field identified by ``locator``.</doc>
<msg timestamp="20220527 16:06:42.462" level="INFO">Typing text 'Michelle' into text field '//input[@ng-reflect-name="labelFirstName"]'.</msg>
<status status="PASS" starttime="20220527 16:06:42.462" endtime="20220527 16:06:42.549"/>
</kw>
<kw name="Input Text" library="RPA.Browser">
<arg>//input[@ng-reflect-name="labelLastName"]</arg>
<arg>${row}[Last Name]</arg>
<doc>Types the given ``text`` into the text field identified by ``locator``.</doc>
<msg timestamp="20220527 16:06:42.551" level="INFO">Typing text 'Norton' into text field '//input[@ng-reflect-name="labelLastName"]'.</msg>
<status status="PASS" starttime="20220527 16:06:42.549" endtime="20220527 16:06:42.645"/>
</kw>
<kw name="Input Text" library="RPA.Browser">
<arg>//input[@ng-reflect-name="labelCompanyName"]</arg>
<arg>${row}[Company Name]</arg>
<doc>Types the given ``text`` into the text field identified by ``locator``.</doc>
<msg timestamp="20220527 16:06:42.647" level="INFO">Typing text 'Aperture Inc.' into text field '//input[@ng-reflect-name="labelCompanyName"]'.</msg>
<status status="PASS" starttime="20220527 16:06:42.645" endtime="20220527 16:06:42.764"/>
</kw>
<kw name="Input Text" library="RPA.Browser">
<arg>//input[@ng-reflect-name="labelRole"]</arg>
<arg>${row}[Role in Company]</arg>
<doc>Types the given ``text`` into the text field identified by ``locator``.</doc>
<msg timestamp="20220527 16:06:42.765" level="INFO">Typing text 'Scientist' into text field '//input[@ng-reflect-name="labelRole"]'.</msg>
<status status="PASS" starttime="20220527 16:06:42.764" endtime="20220527 16:06:42.856"/>
</kw>
<kw name="Input Text" library="RPA.Browser">
<arg>//input[@ng-reflect-name="labelAddress"]</arg>
<arg>${row}[Address]</arg>
<doc>Types the given ``text`` into the text field identified by ``locator``.</doc>
<msg timestamp="20220527 16:06:42.857" level="INFO">Typing text '13 White Rabbit Street' into text field '//input[@ng-reflect-name="labelAddress"]'.</msg>
<status status="PASS" starttime="20220527 16:06:42.857" endtime="20220527 16:06:42.974"/>
</kw>
<kw name="Input Text" library="RPA.Browser">
<arg>//input[@ng-reflect-name="labelEmail"]</arg>
<arg>${row}[Email]</arg>
<doc>Types the given ``text`` into the text field identified by ``locator``.</doc>
<msg timestamp="20220527 16:06:42.975" level="INFO">Typing text 'mnorton@aperture.us' into text field '//input[@ng-reflect-name="labelEmail"]'.</msg>
<status status="PASS" starttime="20220527 16:06:42.974" endtime="20220527 16:06:43.089"/>
</kw>
<kw name="Input Text" library="RPA.Browser">
<arg>//input[@ng-reflect-name="labelPhone"]</arg>
<arg>${row}[Phone Number]</arg>
<doc>Types the given ``text`` into the text field identified by ``locator``.</doc>
<msg timestamp="20220527 16:06:43.089" level="INFO">Typing text '40731254562' into text field '//input[@ng-reflect-name="labelPhone"]'.</msg>
<status status="PASS" starttime="20220527 16:06:43.089" endtime="20220527 16:06:43.190"/>
</kw>
<kw name="Click Button When Visible" library="RPA.Browser">
<arg>//input[@value="Submit"]</arg>
<doc>Click button identified by ``locator``, once it becomes visible.</doc>
<msg timestamp="20220527 16:06:43.206" level="INFO">Clicking button '//input[@value="Submit"]'.</msg>
<status status="PASS" starttime="20220527 16:06:43.190" endtime="20220527 16:06:43.247"/>
</kw>
<status status="PASS" starttime="20220527 16:06:42.461" endtime="20220527 16:06:43.247"/>
</kw>
<status status="PASS" starttime="20220527 16:06:42.461" endtime="20220527 16:06:43.248"/>
</branch>
<status status="PASS" starttime="20220527 16:06:42.461" endtime="20220527 16:06:43.248"/>
</if>
<status status="PASS" starttime="20220527 16:06:42.460" endtime="20220527 16:06:43.248"/>
</iter>
<iter>
<var name="${row}">{'First Name': 'Stacy', 'Last Name': 'Shelby', 'Company Name': 'TechDev', 'Role in Company': 'HR Manager', 'Address': '19 Pineapple Boulevard', 'Email': 'sshelby@techdev.com', 'Phone Number': 40741785...</var>
<kw name="Notebook Print" library="RPA.core.notebook">
<arg>${row}</arg>
<doc>Display IPython Markdown object in the notebook</doc>
<status status="PASS" starttime="20220527 16:06:43.248" endtime="20220527 16:06:43.249"/>
</kw>
<if>
<branch type="IF" condition="&quot;${row}[First Name]&quot; != ${None}">
<kw name=" Fill And Submit The Form From Excel">
<arg>${row}</arg>
<kw name="Input Text" library="RPA.Browser">
<arg>//input[@ng-reflect-name="labelFirstName"]</arg>
<arg>${row}[First Name]</arg>
<doc>Types the given ``text`` into the text field identified by ``locator``.</doc>
<msg timestamp="20220527 16:06:43.253" level="INFO">Typing text 'Stacy' into text field '//input[@ng-reflect-name="labelFirstName"]'.</msg>
<status status="PASS" starttime="20220527 16:06:43.251" endtime="20220527 16:06:43.345"/>
</kw>
<kw name="Input Text" library="RPA.Browser">
<arg>//input[@ng-reflect-name="labelLastName"]</arg>
<arg>${row}[Last Name]</arg>
<doc>Types the given ``text`` into the text field identified by ``locator``.</doc>
<msg timestamp="20220527 16:06:43.346" level="INFO">Typing text 'Shelby' into text field '//input[@ng-reflect-name="labelLastName"]'.</msg>
<status status="PASS" starttime="20220527 16:06:43.345" endtime="20220527 16:06:43.429"/>
</kw>
<kw name="Input Text" library="RPA.Browser">
<arg>//input[@ng-reflect-name="labelCompanyName"]</arg>
<arg>${row}[Company Name]</arg>
<doc>Types the given ``text`` into the text field identified by ``locator``.</doc>
<msg timestamp="20220527 16:06:43.430" level="INFO">Typing text 'TechDev' into text field '//input[@ng-reflect-name="labelCompanyName"]'.</msg>
<status status="PASS" starttime="20220527 16:06:43.429" endtime="20220527 16:06:43.532"/>
</kw>
<kw name="Input Text" library="RPA.Browser">
<arg>//input[@ng-reflect-name="labelRole"]</arg>
<arg>${row}[Role in Company]</arg>
<doc>Types the given ``text`` into the text field identified by ``locator``.</doc>
<msg timestamp="20220527 16:06:43.533" level="INFO">Typing text 'HR Manager' into text field '//input[@ng-reflect-name="labelRole"]'.</msg>
<status status="PASS" starttime="20220527 16:06:43.533" endtime="20220527 16:06:43.628"/>
</kw>
<kw name="Input Text" library="RPA.Browser">
<arg>//input[@ng-reflect-name="labelAddress"]</arg>
<arg>${row}[Address]</arg>
<doc>Types the given ``text`` into the text field identified by ``locator``.</doc>
<msg timestamp="20220527 16:06:43.628" level="INFO">Typing text '19 Pineapple Boulevard' into text field '//input[@ng-reflect-name="labelAddress"]'.</msg>
<status status="PASS" starttime="20220527 16:06:43.628" endtime="20220527 16:06:43.753"/>
</kw>
<kw name="Input Text" library="RPA.Browser">
<arg>//input[@ng-reflect-name="labelEmail"]</arg>
<arg>${row}[Email]</arg>
<doc>Types the given ``text`` into the text field identified by ``locator``.</doc>
<msg timestamp="20220527 16:06:43.754" level="INFO">Typing text 'sshelby@techdev.com' into text field '//input[@ng-reflect-name="labelEmail"]'.</msg>
<status status="PASS" starttime="20220527 16:06:43.753" endtime="20220527 16:06:43.859"/>
</kw>
<kw name="Input Text" library="RPA.Browser">
<arg>//input[@ng-reflect-name="labelPhone"]</arg>
<arg>${row}[Phone Number]</arg>
<doc>Types the given ``text`` into the text field identified by ``locator``.</doc>
<msg timestamp="20220527 16:06:43.860" level="INFO">Typing text '40741785214' into text field '//input[@ng-reflect-name="labelPhone"]'.</msg>
<status status="PASS" starttime="20220527 16:06:43.860" endtime="20220527 16:06:43.957"/>
</kw>
<kw name="Click Button When Visible" library="RPA.Browser">
<arg>//input[@value="Submit"]</arg>
<doc>Click button identified by ``locator``, once it becomes visible.</doc>
<msg timestamp="20220527 16:06:43.973" level="INFO">Clicking button '//input[@value="Submit"]'.</msg>
<status status="PASS" starttime="20220527 16:06:43.957" endtime="20220527 16:06:44.017"/>
</kw>
<status status="PASS" starttime="20220527 16:06:43.249" endtime="20220527 16:06:44.018"/>
</kw>
<status status="PASS" starttime="20220527 16:06:43.249" endtime="20220527 16:06:44.018"/>
</branch>
<status status="PASS" starttime="20220527 16:06:43.249" endtime="20220527 16:06:44.018"/>
</if>
<status status="PASS" starttime="20220527 16:06:43.248" endtime="20220527 16:06:44.018"/>
</iter>
<iter>
<var name="${row}">{'First Name': 'Lara', 'Last Name': 'Palmer', 'Company Name': 'Timepath Inc.', 'Role in Company': 'Programmer', 'Address': '87 Orange Street', 'Email': 'lpalmer@timepath.co.uk', 'Phone Number': 407316...</var>
<kw name="Notebook Print" library="RPA.core.notebook">
<arg>${row}</arg>
<doc>Display IPython Markdown object in the notebook</doc>
<status status="PASS" starttime="20220527 16:06:44.018" endtime="20220527 16:06:44.019"/>
</kw>
<if>
<branch type="IF" condition="&quot;${row}[First Name]&quot; != ${None}">
<kw name=" Fill And Submit The Form From Excel">
<arg>${row}</arg>
<kw name="Input Text" library="RPA.Browser">
<arg>//input[@ng-reflect-name="labelFirstName"]</arg>
<arg>${row}[First Name]</arg>
<doc>Types the given ``text`` into the text field identified by ``locator``.</doc>
<msg timestamp="20220527 16:06:44.020" level="INFO">Typing text 'Lara' into text field '//input[@ng-reflect-name="labelFirstName"]'.</msg>
<status status="PASS" starttime="20220527 16:06:44.020" endtime="20220527 16:06:44.097"/>
</kw>
<kw name="Input Text" library="RPA.Browser">
<arg>//input[@ng-reflect-name="labelLastName"]</arg>
<arg>${row}[Last Name]</arg>
<doc>Types the given ``text`` into the text field identified by ``locator``.</doc>
<msg timestamp="20220527 16:06:44.098" level="INFO">Typing text 'Palmer' into text field '//input[@ng-reflect-name="labelLastName"]'.</msg>
<status status="PASS" starttime="20220527 16:06:44.097" endtime="20220527 16:06:44.195"/>
</kw>
<kw name="Input Text" library="RPA.Browser">
<arg>//input[@ng-reflect-name="labelCompanyName"]</arg>
<arg>${row}[Company Name]</arg>
<doc>Types the given ``text`` into the text field identified by ``locator``.</doc>
<msg timestamp="20220527 16:06:44.196" level="INFO">Typing text 'Timepath Inc.' into text field '//input[@ng-reflect-name="labelCompanyName"]'.</msg>
<status status="PASS" starttime="20220527 16:06:44.196" endtime="20220527 16:06:44.314"/>
</kw>
<kw name="Input Text" library="RPA.Browser">
<arg>//input[@ng-reflect-name="labelRole"]</arg>
<arg>${row}[Role in Company]</arg>
<doc>Types the given ``text`` into the text field identified by ``locator``.</doc>
<msg timestamp="20220527 16:06:44.315" level="INFO">Typing text 'Programmer' into text field '//input[@ng-reflect-name="labelRole"]'.</msg>
<status status="PASS" starttime="20220527 16:06:44.315" endtime="20220527 16:06:44.433"/>
</kw>
<kw name="Input Text" library="RPA.Browser">
<arg>//input[@ng-reflect-name="labelAddress"]</arg>
<arg>${row}[Address]</arg>
<doc>Types the given ``text`` into the text field identified by ``locator``.</doc>
<msg timestamp="20220527 16:06:44.435" level="INFO">Typing text '87 Orange Street' into text field '//input[@ng-reflect-name="labelAddress"]'.</msg>
<status status="PASS" starttime="20220527 16:06:44.433" endtime="20220527 16:06:44.622"/>
</kw>
<kw name="Input Text" library="RPA.Browser">
<arg>//input[@ng-reflect-name="labelEmail"]</arg>
<arg>${row}[Email]</arg>
<doc>Types the given ``text`` into the text field identified by ``locator``.</doc>
<msg timestamp="20220527 16:06:44.623" level="INFO">Typing text 'lpalmer@timepath.co.uk' into text field '//input[@ng-reflect-name="labelEmail"]'.</msg>
<status status="PASS" starttime="20220527 16:06:44.622" endtime="20220527 16:06:44.810"/>
</kw>
<kw name="Input Text" library="RPA.Browser">
<arg>//input[@ng-reflect-name="labelPhone"]</arg>
<arg>${row}[Phone Number]</arg>
<doc>Types the given ``text`` into the text field identified by ``locator``.</doc>
<msg timestamp="20220527 16:06:44.812" level="INFO">Typing text '40731653845' into text field '//input[@ng-reflect-name="labelPhone"]'.</msg>
<status status="PASS" starttime="20220527 16:06:44.811" endtime="20220527 16:06:44.998"/>
</kw>
<kw name="Click Button When Visible" library="RPA.Browser">
<arg>//input[@value="Submit"]</arg>
<doc>Click button identified by ``locator``, once it becomes visible.</doc>
<msg timestamp="20220527 16:06:45.024" level="INFO">Clicking button '//input[@value="Submit"]'.</msg>
<status status="PASS" starttime="20220527 16:06:44.998" endtime="20220527 16:06:45.099"/>
</kw>
<status status="PASS" starttime="20220527 16:06:44.019" endtime="20220527 16:06:45.100"/>
</kw>
<status status="PASS" starttime="20220527 16:06:44.019" endtime="20220527 16:06:45.102"/>
</branch>
<status status="PASS" starttime="20220527 16:06:44.019" endtime="20220527 16:06:45.103"/>
</if>
<status status="PASS" starttime="20220527 16:06:44.018" endtime="20220527 16:06:45.104"/>
</iter>
<status status="PASS" starttime="20220527 16:06:36.498" endtime="20220527 16:06:45.104"/>
</for>
<status status="PASS" starttime="20220527 16:06:26.249" endtime="20220527 16:06:45.104"/>
</kw>
<kw name="Log" library="BuiltIn">
<arg>Done.</arg>
<doc>Logs the given message with the given level.</doc>
<msg timestamp="20220527 16:06:45.105" level="INFO">Done.</msg>
<status status="PASS" starttime="20220527 16:06:45.105" endtime="20220527 16:06:45.105"/>
</kw>
<status status="PASS" starttime="20220527 16:06:26.248" endtime="20220527 16:06:45.105"/>
</test>
<doc>Template robot main suite.
RPA Challenge</doc>
<status status="PASS" starttime="20220527 16:06:22.804" endtime="20220527 16:06:45.106"/>
</suite>
<statistics>
<total>
<stat pass="1" fail="0" skip="0">All Tasks</stat>
</total>
<tag>
</tag>
<suite>
<stat pass="1" fail="0" skip="0" id="s1" name="Tasks">Tasks</stat>
</suite>
</statistics>
<errors>
<msg timestamp="20220527 16:06:24.591" level="WARN">This is a deprecated import that will be removed in favor of RPA.Browser.Selenium</msg>
</errors>
</robot>
